2019-12-03 21:31:36 [ThreadId 7] ERROR phoityne - "error: parse error on input \8216->\8217"
2019-12-03 21:31:37 [ThreadId 7] ERROR phoityne - "error: parse error on input \8216->\8217"
2019-12-03 21:31:51 [ThreadId 7] ERROR phoityne - "error: Data constructor not in scope: Int"
2019-12-03 21:32:22 [ThreadId 7] ERROR phoityne - "error: \8226 Variable not in scope: workOnSequence \8226 Perhaps you meant \8216workOnSequence'\8217 (line 22)"
2019-12-03 21:34:07 [ThreadId 7] ERROR phoityne - "error: Data constructor not in scope: Int"
2019-12-03 21:35:01 [ThreadId 7] ERROR phoityne - "error: \8226 Variable not in scope: position \8226 Perhaps you meant one of these: \8216position1\8217 (<no location info>), \8216position2\8217 (<no location info>)"
2019-12-03 21:36:19 [ThreadId 7] ERROR phoityne - "error: \8226 Variable not in scope: workOnSequence \8226 Perhaps you meant \8216workOnSequence'\8217 (line 22)"
2019-12-03 21:36:46 [ThreadId 7] ERROR phoityne - "error: Variable not in scope: workFunction"
2019-12-03 21:36:47 [ThreadId 7] ERROR phoityne - "error: parse error on input \8216::\8217"
2019-12-03 21:39:17 [ThreadId 7] ERROR phoityne - "error: Variable not in scope: workFunction"
2019-12-03 21:39:22 [ThreadId 7] ERROR phoityne - "error: Variable not in scope: workFunction"
2019-12-03 21:39:42 [ThreadId 7] ERROR phoityne - "error: \8226 Variable not in scope: result \8226 Perhaps you meant \8216_result\8217 (line 30)"
2019-12-03 21:51:45 [ThreadId 7] ERROR phoityne - "error: Variable not in scope: workFunction"
2019-12-03 21:51:51 [ThreadId 7] ERROR phoityne - "error: Variable not in scope: workFunction"
2019-12-03 21:52:02 [ThreadId 7] ERROR phoityne - "error: Variable not in scope: workFunction"
2019-12-03 21:53:05 [ThreadId 7] ERROR phoityne - "error: Variable not in scope: workFunction"
2019-12-03 21:54:10 [ThreadId 7] ERROR phoityne - "error: Variable not in scope: placeToPutIt"
2019-12-03 21:54:10 [ThreadId 7] ERROR phoityne - "error: Variable not in scope: newValue"
2019-12-03 21:54:14 [ThreadId 7] ERROR phoityne - "error: Variable not in scope: placeToPutIt"
2019-12-03 21:54:14 [ThreadId 7] ERROR phoityne - "error: Variable not in scope: newValue"
2019-12-03 21:54:16 [ThreadId 7] ERROR phoityne - "error: Variable not in scope: placeToPutIt"
2019-12-03 21:54:16 [ThreadId 7] ERROR phoityne - "error: Variable not in scope: newValue"
2019-12-03 21:54:26 [ThreadId 7] ERROR phoityne - "error: Variable not in scope: placeToPutIt"
2019-12-03 21:54:26 [ThreadId 7] ERROR phoityne - "error: Variable not in scope: newValue"
2019-12-03 21:54:38 [ThreadId 7] ERROR phoityne - "error: Variable not in scope: placeToPutIt"
2019-12-03 21:54:38 [ThreadId 7] ERROR phoityne - "error: Variable not in scope: newValue"
2019-12-03 21:54:48 [ThreadId 7] ERROR phoityne - "error: Variable not in scope: placeToPutIt"
2019-12-03 21:54:48 [ThreadId 7] ERROR phoityne - "error: Variable not in scope: newValue"
2019-12-03 21:54:50 [ThreadId 7] ERROR phoityne - "error: Variable not in scope: placeToPutIt"
2019-12-03 21:54:50 [ThreadId 7] ERROR phoityne - "error: Variable not in scope: newValue"
2019-12-03 21:54:52 [ThreadId 7] ERROR phoityne - "error: Variable not in scope: placeToPutIt"
2019-12-03 21:54:52 [ThreadId 7] ERROR phoityne - "error: Variable not in scope: newValue"
2019-12-03 21:55:46 [ThreadId 7] ERROR phoityne - "error: Variable not in scope: placeToPutIt"
2019-12-03 21:55:47 [ThreadId 7] ERROR phoityne - "error: Variable not in scope: newValue"
2019-12-03 21:55:48 [ThreadId 7] ERROR phoityne - "error: Variable not in scope: placeToPutIt"
2019-12-03 21:55:48 [ThreadId 7] ERROR phoityne - "error: Variable not in scope: newValue"
2019-12-03 21:55:49 [ThreadId 7] ERROR phoityne - "error: Variable not in scope: placeToPutIt"
2019-12-03 21:55:49 [ThreadId 7] ERROR phoityne - "error: Variable not in scope: newValue"
2019-12-03 21:58:53 [ThreadId 7] ERROR phoityne - "error: Variable not in scope: placeToPutIt"
2019-12-03 21:58:53 [ThreadId 7] ERROR phoityne - "error: Variable not in scope: newValue"
2019-12-03 21:59:06 [ThreadId 7] ERROR phoityne - "error: Variable not in scope: placeToPutIt"
2019-12-03 21:59:06 [ThreadId 7] ERROR phoityne - "error: Variable not in scope: newValue"
2019-12-03 21:59:11 [ThreadId 7] ERROR phoityne - "error: Variable not in scope: placeToPutIt"
2019-12-03 21:59:11 [ThreadId 7] ERROR phoityne - "error: Variable not in scope: newValue"
2019-12-03 22:00:17 [ThreadId 7] ERROR phoityne - "error: parse error on input \8216->\8217"
2019-12-03 22:09:51 [ThreadId 7] ERROR phoityne - "error: Variable not in scope: placeToPutIt"
2019-12-03 22:09:51 [ThreadId 7] ERROR phoityne - "error: Variable not in scope: newValue"
2019-12-03 22:21:22 [ThreadId 7] ERROR phoityne - "error: Variable not in scope: placeToPutIt"
2019-12-03 22:21:22 [ThreadId 7] ERROR phoityne - "error: Variable not in scope: newValue"
2019-12-03 22:21:40 [ThreadId 7] ERROR phoityne - "error: Variable not in scope: placeToPutIt"
2019-12-03 22:21:40 [ThreadId 7] ERROR phoityne - "error: Variable not in scope: newValue"
2019-12-03 22:21:51 [ThreadId 7] ERROR phoityne - "error: Variable not in scope: placeToPutIt"
2019-12-03 22:21:51 [ThreadId 7] ERROR phoityne - "error: Variable not in scope: newValue"
2019-12-03 22:21:52 [ThreadId 7] ERROR phoityne - "error: Variable not in scope: placeToPutIt"
2019-12-03 22:21:52 [ThreadId 7] ERROR phoityne - "error: Variable not in scope: newValue"
2019-12-03 22:21:52 [ThreadId 7] ERROR phoityne - "error: Variable not in scope: placeToPutIt"
2019-12-03 22:21:52 [ThreadId 7] ERROR phoityne - "error: Variable not in scope: newValue"
2019-12-03 22:21:55 [ThreadId 7] ERROR phoityne - "error: Variable not in scope: placeToPutIt"
2019-12-03 22:21:55 [ThreadId 7] ERROR phoityne - "error: Variable not in scope: newValue"
2019-12-03 22:21:56 [ThreadId 7] ERROR phoityne - "error: Variable not in scope: placeToPutIt"
2019-12-03 22:21:56 [ThreadId 7] ERROR phoityne - "error: Variable not in scope: newValue"
2019-12-03 22:21:56 [ThreadId 7] ERROR phoityne - "error: Variable not in scope: placeToPutIt"
2019-12-03 22:21:56 [ThreadId 7] ERROR phoityne - "error: Variable not in scope: newValue"
2019-12-03 22:22:28 [ThreadId 7] ERROR phoityne - "error: Variable not in scope: placeToPutIt"
2019-12-03 22:22:28 [ThreadId 7] ERROR phoityne - "error: Variable not in scope: newValue"
2019-12-03 22:22:28 [ThreadId 7] ERROR phoityne - "error: Variable not in scope: newSequence"
2019-12-03 22:22:28 [ThreadId 7] ERROR phoityne - "error: Variable not in scope: newIndex"
2019-12-03 22:22:48 [ThreadId 7] ERROR phoityne - "error: Variable not in scope: placeToPutIt"
2019-12-03 22:22:48 [ThreadId 7] ERROR phoityne - "error: Variable not in scope: newValue"
2019-12-03 22:22:48 [ThreadId 7] ERROR phoityne - "error: Variable not in scope: newSequence"
2019-12-03 22:22:48 [ThreadId 7] ERROR phoityne - "error: Variable not in scope: newIndex"
2019-12-03 22:22:52 [ThreadId 7] ERROR phoityne - "error: Variable not in scope: placeToPutIt"
2019-12-03 22:22:52 [ThreadId 7] ERROR phoityne - "error: Variable not in scope: newValue"
2019-12-03 22:22:52 [ThreadId 7] ERROR phoityne - "error: Variable not in scope: newSequence"
2019-12-03 22:22:52 [ThreadId 7] ERROR phoityne - "error: Variable not in scope: newIndex"
2019-12-03 22:22:53 [ThreadId 7] ERROR phoityne - "error: Variable not in scope: placeToPutIt"
2019-12-03 22:22:53 [ThreadId 7] ERROR phoityne - "error: Variable not in scope: newValue"
2019-12-03 22:22:53 [ThreadId 7] ERROR phoityne - "error: Variable not in scope: newSequence"
2019-12-03 22:22:53 [ThreadId 7] ERROR phoityne - "error: Variable not in scope: newIndex"
2019-12-03 22:22:55 [ThreadId 7] ERROR phoityne - "error: Variable not in scope: placeToPutIt"
2019-12-03 22:22:55 [ThreadId 7] ERROR phoityne - "error: Variable not in scope: newValue"
2019-12-03 22:22:55 [ThreadId 7] ERROR phoityne - "error: Variable not in scope: newSequence"
2019-12-03 22:22:55 [ThreadId 7] ERROR phoityne - "error: Variable not in scope: newIndex"
2019-12-03 22:23:03 [ThreadId 7] ERROR phoityne - [deleteBreakPointOnGHCi] invalid delete break point. BreakPointData {nameBreakPointData = "AOC.Day2", srcPosBreakPointData = SourcePosition {filePathSourcePosition = "/Users/richardthornton/Development/Haskell/advent-of-code/src/AOC/Day2.hs", startLineNoSourcePosition = 39, startColNoSourcePosition = -1, endLineNoSourcePosition = -1, endColNoSourcePosition = -1}, breakNoBreakPointData = Nothing, conditionBreakPointData = Nothing, hitConditionBreakPointData = Nothing, hitCountBreakPointData = 0}
2019-12-03 22:23:07 [ThreadId 7] ERROR phoityne - [deleteBreakPointOnGHCi] invalid delete break point. BreakPointData {nameBreakPointData = "AOC.Day2", srcPosBreakPointData = SourcePosition {filePathSourcePosition = "/Users/richardthornton/Development/Haskell/advent-of-code/src/AOC/Day2.hs", startLineNoSourcePosition = 39, startColNoSourcePosition = -1, endLineNoSourcePosition = -1, endColNoSourcePosition = -1}, breakNoBreakPointData = Nothing, conditionBreakPointData = Nothing, hitConditionBreakPointData = Nothing, hitCountBreakPointData = 0}
2019-12-03 22:23:11 [ThreadId 7] ERROR phoityne - [deleteBreakPointOnGHCi] invalid delete break point. BreakPointData {nameBreakPointData = "AOC.Day2", srcPosBreakPointData = SourcePosition {filePathSourcePosition = "/Users/richardthornton/Development/Haskell/advent-of-code/src/AOC/Day2.hs", startLineNoSourcePosition = 39, startColNoSourcePosition = -1, endLineNoSourcePosition = -1, endColNoSourcePosition = -1}, breakNoBreakPointData = Nothing, conditionBreakPointData = Nothing, hitConditionBreakPointData = Nothing, hitCountBreakPointData = 0}
2019-12-03 22:23:13 [ThreadId 7] ERROR phoityne - [deleteBreakPointOnGHCi] invalid delete break point. BreakPointData {nameBreakPointData = "AOC.Day2", srcPosBreakPointData = SourcePosition {filePathSourcePosition = "/Users/richardthornton/Development/Haskell/advent-of-code/src/AOC/Day2.hs", startLineNoSourcePosition = 39, startColNoSourcePosition = -1, endLineNoSourcePosition = -1, endColNoSourcePosition = -1}, breakNoBreakPointData = Nothing, conditionBreakPointData = Nothing, hitConditionBreakPointData = Nothing, hitCountBreakPointData = 0}
2019-12-03 22:23:13 [ThreadId 7] ERROR phoityne - [deleteBreakPointOnGHCi] invalid delete break point. BreakPointData {nameBreakPointData = "AOC.Day2", srcPosBreakPointData = SourcePosition {filePathSourcePosition = "/Users/richardthornton/Development/Haskell/advent-of-code/src/AOC/Day2.hs", startLineNoSourcePosition = 44, startColNoSourcePosition = -1, endLineNoSourcePosition = -1, endColNoSourcePosition = -1}, breakNoBreakPointData = Nothing, conditionBreakPointData = Nothing, hitConditionBreakPointData = Nothing, hitCountBreakPointData = 0}
2019-12-03 22:23:19 [ThreadId 7] ERROR phoityne - "error: Variable not in scope: placeToPutIt"
2019-12-03 22:23:19 [ThreadId 7] ERROR phoityne - "error: Variable not in scope: newValue"
2019-12-03 22:23:19 [ThreadId 7] ERROR phoityne - "error: Variable not in scope: newSequence"
2019-12-03 22:23:19 [ThreadId 7] ERROR phoityne - "error: Variable not in scope: newIndex"
2019-12-03 22:23:49 [ThreadId 7] ERROR phoityne - "error: Variable not in scope: placeToPutIt"
2019-12-03 22:23:49 [ThreadId 7] ERROR phoityne - "error: Variable not in scope: newValue"
2019-12-03 22:23:50 [ThreadId 7] ERROR phoityne - "error: Variable not in scope: currentIndex"
2019-12-03 22:24:41 [ThreadId 7] ERROR phoityne - "error: Variable not in scope: placeToPutIt"
2019-12-03 22:24:41 [ThreadId 7] ERROR phoityne - "error: Variable not in scope: newValue"
2019-12-03 22:24:41 [ThreadId 7] ERROR phoityne - "error: Variable not in scope: newSequence"
2019-12-03 22:24:41 [ThreadId 7] ERROR phoityne - "error: Variable not in scope: newIndex"
2019-12-03 22:24:46 [ThreadId 7] ERROR phoityne - "error: Variable not in scope: placeToPutIt"
2019-12-03 22:24:46 [ThreadId 7] ERROR phoityne - "error: Variable not in scope: newValue"
2019-12-03 22:24:46 [ThreadId 7] ERROR phoityne - "error: Variable not in scope: newSequence"
2019-12-03 22:24:46 [ThreadId 7] ERROR phoityne - "error: Variable not in scope: newIndex"
2019-12-03 22:24:55 [ThreadId 7] ERROR phoityne - "error: Variable not in scope: placeToPutIt"
2019-12-03 22:24:55 [ThreadId 7] ERROR phoityne - "error: Variable not in scope: newValue"
2019-12-03 22:24:55 [ThreadId 7] ERROR phoityne - "error: Variable not in scope: newSequence"
2019-12-03 22:24:55 [ThreadId 7] ERROR phoityne - "error: Variable not in scope: newIndex"
2019-12-03 22:24:57 [ThreadId 7] ERROR phoityne - "error: Variable not in scope: placeToPutIt"
2019-12-03 22:24:57 [ThreadId 7] ERROR phoityne - "error: Variable not in scope: newValue"
2019-12-03 22:24:57 [ThreadId 7] ERROR phoityne - "error: Variable not in scope: newSequence"
2019-12-03 22:24:57 [ThreadId 7] ERROR phoityne - "error: Variable not in scope: newIndex"
2019-12-03 22:24:59 [ThreadId 7] ERROR phoityne - "error: Variable not in scope: placeToPutIt"
2019-12-03 22:24:59 [ThreadId 7] ERROR phoityne - "error: Variable not in scope: newValue"
2019-12-03 22:24:59 [ThreadId 7] ERROR phoityne - "error: Variable not in scope: newSequence"
2019-12-03 22:24:59 [ThreadId 7] ERROR phoityne - "error: Variable not in scope: newIndex"
2019-12-03 22:25:35 [ThreadId 7] ERROR phoityne - "error: \8226 Variable not in scope: workOnSequence \8226 Perhaps you meant \8216workOnSequence'\8217 (line 22)"
2019-12-03 22:25:36 [ThreadId 7] ERROR phoityne - "error: Variable not in scope: newSequence"
2019-12-03 22:25:36 [ThreadId 7] ERROR phoityne - "error: Variable not in scope: newSequence"
2019-12-03 22:25:39 [ThreadId 7] ERROR phoityne - "error: Variable not in scope: newSequence"
2019-12-03 22:25:42 [ThreadId 7] ERROR phoityne - "error: Variable not in scope: placeToPutIt"
2019-12-03 22:25:42 [ThreadId 7] ERROR phoityne - "error: Variable not in scope: newValue"
2019-12-03 22:26:24 [ThreadId 7] ERROR phoityne - "error: Variable not in scope: currentIndex"
2019-12-03 22:26:35 [ThreadId 7] ERROR phoityne - "error: Variable not in scope: placeToPutIt"
2019-12-03 22:26:45 [ThreadId 7] ERROR phoityne - "error: Variable not in scope: currentIndex"
2019-12-03 22:27:14 [ThreadId 7] ERROR phoityne - [deleteBreakPointOnGHCi] invalid delete break point. BreakPointData {nameBreakPointData = "AOC.Day2", srcPosBreakPointData = SourcePosition {filePathSourcePosition = "/Users/richardthornton/Development/Haskell/advent-of-code/src/AOC/Day2.hs", startLineNoSourcePosition = 39, startColNoSourcePosition = -1, endLineNoSourcePosition = -1, endColNoSourcePosition = -1}, breakNoBreakPointData = Nothing, conditionBreakPointData = Nothing, hitConditionBreakPointData = Nothing, hitCountBreakPointData = 0}
2019-12-03 22:27:14 [ThreadId 7] ERROR phoityne - [deleteBreakPointOnGHCi] invalid delete break point. BreakPointData {nameBreakPointData = "AOC.Day2", srcPosBreakPointData = SourcePosition {filePathSourcePosition = "/Users/richardthornton/Development/Haskell/advent-of-code/src/AOC/Day2.hs", startLineNoSourcePosition = 44, startColNoSourcePosition = -1, endLineNoSourcePosition = -1, endColNoSourcePosition = -1}, breakNoBreakPointData = Nothing, conditionBreakPointData = Nothing, hitConditionBreakPointData = Nothing, hitCountBreakPointData = 0}
2019-12-03 22:27:14 [ThreadId 7] ERROR phoityne - [deleteBreakPointOnGHCi] invalid delete break point. BreakPointData {nameBreakPointData = "AOC.Day2", srcPosBreakPointData = SourcePosition {filePathSourcePosition = "/Users/richardthornton/Development/Haskell/advent-of-code/src/AOC/Day2.hs", startLineNoSourcePosition = 49, startColNoSourcePosition = -1, endLineNoSourcePosition = -1, endColNoSourcePosition = -1}, breakNoBreakPointData = Nothing, conditionBreakPointData = Nothing, hitConditionBreakPointData = Nothing, hitCountBreakPointData = 0}
2019-12-03 22:27:16 [ThreadId 7] ERROR phoityne - [deleteBreakPointOnGHCi] invalid delete break point. BreakPointData {nameBreakPointData = "AOC.Day2", srcPosBreakPointData = SourcePosition {filePathSourcePosition = "/Users/richardthornton/Development/Haskell/advent-of-code/src/AOC/Day2.hs", startLineNoSourcePosition = 39, startColNoSourcePosition = -1, endLineNoSourcePosition = -1, endColNoSourcePosition = -1}, breakNoBreakPointData = Nothing, conditionBreakPointData = Nothing, hitConditionBreakPointData = Nothing, hitCountBreakPointData = 0}
2019-12-03 22:27:16 [ThreadId 7] ERROR phoityne - [deleteBreakPointOnGHCi] invalid delete break point. BreakPointData {nameBreakPointData = "AOC.Day2", srcPosBreakPointData = SourcePosition {filePathSourcePosition = "/Users/richardthornton/Development/Haskell/advent-of-code/src/AOC/Day2.hs", startLineNoSourcePosition = 49, startColNoSourcePosition = -1, endLineNoSourcePosition = -1, endColNoSourcePosition = -1}, breakNoBreakPointData = Nothing, conditionBreakPointData = Nothing, hitConditionBreakPointData = Nothing, hitCountBreakPointData = 0}
2019-12-03 22:27:20 [ThreadId 7] ERROR phoityne - [deleteBreakPointOnGHCi] invalid delete break point. BreakPointData {nameBreakPointData = "AOC.Day2", srcPosBreakPointData = SourcePosition {filePathSourcePosition = "/Users/richardthornton/Development/Haskell/advent-of-code/src/AOC/Day2.hs", startLineNoSourcePosition = 39, startColNoSourcePosition = -1, endLineNoSourcePosition = -1, endColNoSourcePosition = -1}, breakNoBreakPointData = Nothing, conditionBreakPointData = Nothing, hitConditionBreakPointData = Nothing, hitCountBreakPointData = 0}
2019-12-03 22:27:20 [ThreadId 7] ERROR phoityne - [deleteBreakPointOnGHCi] invalid delete break point. BreakPointData {nameBreakPointData = "AOC.Day2", srcPosBreakPointData = SourcePosition {filePathSourcePosition = "/Users/richardthornton/Development/Haskell/advent-of-code/src/AOC/Day2.hs", startLineNoSourcePosition = 44, startColNoSourcePosition = -1, endLineNoSourcePosition = -1, endColNoSourcePosition = -1}, breakNoBreakPointData = Nothing, conditionBreakPointData = Nothing, hitConditionBreakPointData = Nothing, hitCountBreakPointData = 0}
2019-12-03 22:27:20 [ThreadId 7] ERROR phoityne - [deleteBreakPointOnGHCi] invalid delete break point. BreakPointData {nameBreakPointData = "AOC.Day2", srcPosBreakPointData = SourcePosition {filePathSourcePosition = "/Users/richardthornton/Development/Haskell/advent-of-code/src/AOC/Day2.hs", startLineNoSourcePosition = 49, startColNoSourcePosition = -1, endLineNoSourcePosition = -1, endColNoSourcePosition = -1}, breakNoBreakPointData = Nothing, conditionBreakPointData = Nothing, hitConditionBreakPointData = Nothing, hitCountBreakPointData = 0}
2019-12-03 22:27:24 [ThreadId 7] ERROR phoityne - [deleteBreakPointOnGHCi] invalid delete break point. BreakPointData {nameBreakPointData = "AOC.Day2", srcPosBreakPointData = SourcePosition {filePathSourcePosition = "/Users/richardthornton/Development/Haskell/advent-of-code/src/AOC/Day2.hs", startLineNoSourcePosition = 39, startColNoSourcePosition = -1, endLineNoSourcePosition = -1, endColNoSourcePosition = -1}, breakNoBreakPointData = Nothing, conditionBreakPointData = Nothing, hitConditionBreakPointData = Nothing, hitCountBreakPointData = 0}
2019-12-03 22:27:24 [ThreadId 7] ERROR phoityne - [deleteBreakPointOnGHCi] invalid delete break point. BreakPointData {nameBreakPointData = "AOC.Day2", srcPosBreakPointData = SourcePosition {filePathSourcePosition = "/Users/richardthornton/Development/Haskell/advent-of-code/src/AOC/Day2.hs", startLineNoSourcePosition = 49, startColNoSourcePosition = -1, endLineNoSourcePosition = -1, endColNoSourcePosition = -1}, breakNoBreakPointData = Nothing, conditionBreakPointData = Nothing, hitConditionBreakPointData = Nothing, hitCountBreakPointData = 0}
2019-12-03 22:27:25 [ThreadId 7] ERROR phoityne - "error: parse error on input \8216->\8217"
2019-12-03 22:27:29 [ThreadId 7] ERROR phoityne - "error: Empty 'do' block"
2019-12-03 22:27:30 [ThreadId 7] ERROR phoityne - "error: \8226 Data constructor not in scope: Seq \8226 Perhaps you meant variable \8216seq\8217 (imported from Prelude)"
2019-12-03 22:27:32 [ThreadId 7] ERROR phoityne - "error: Variable not in scope: workFunction"
2019-12-03 22:27:37 [ThreadId 7] ERROR phoityne - "error: Data constructor not in scope: Int"
2019-12-03 22:27:38 [ThreadId 7] ERROR phoityne - "error: Variable not in scope: currentIndex"
2019-12-03 22:28:04 [ThreadId 7] ERROR phoityne - "error: Variable not in scope: placeToPutIt"
2019-12-03 22:28:04 [ThreadId 7] ERROR phoityne - "error: Variable not in scope: newValue"
2019-12-03 22:28:04 [ThreadId 7] ERROR phoityne - "error: Variable not in scope: newSequence"
2019-12-03 22:28:04 [ThreadId 7] ERROR phoityne - "error: Variable not in scope: newIndex"
2019-12-03 22:30:24 [ThreadId 7] ERROR phoityne - "error: Variable not in scope: placeToPutIt"
2019-12-03 22:30:24 [ThreadId 7] ERROR phoityne - "error: Variable not in scope: newValue"
2019-12-03 22:30:24 [ThreadId 7] ERROR phoityne - "error: Variable not in scope: newSequence"
2019-12-03 22:30:24 [ThreadId 7] ERROR phoityne - "error: Variable not in scope: newIndex"
2019-12-03 22:30:36 [ThreadId 7] ERROR phoityne - "error: Variable not in scope: placeToPutIt"
2019-12-03 22:30:36 [ThreadId 7] ERROR phoityne - "error: Variable not in scope: newValue"
2019-12-03 22:30:36 [ThreadId 7] ERROR phoityne - "error: Variable not in scope: newSequence"
2019-12-03 22:30:59 [ThreadId 7] ERROR phoityne - "error: Variable not in scope: placeToPutIt"
2019-12-03 22:31:16 [ThreadId 7] ERROR phoityne - "error: Variable not in scope: updatedSequence"
2019-12-03 22:31:16 [ThreadId 7] ERROR phoityne - "error: Variable not in scope: newIndex"
2019-12-03 22:31:17 [ThreadId 7] ERROR phoityne - "error: parse error on input \8216->\8217"
2019-12-03 22:31:31 [ThreadId 7] ERROR phoityne - "error: \8226 Variable not in scope: workOnSequence \8226 Perhaps you meant \8216workOnSequence'\8217 (line 22)"
2019-12-03 22:31:33 [ThreadId 7] ERROR phoityne - "error: Variable not in scope: updatedSequence"
2019-12-03 22:31:33 [ThreadId 7] ERROR phoityne - "error: Variable not in scope: newIndex"
2019-12-03 22:31:36 [ThreadId 7] ERROR phoityne - "error: Variable not in scope: updatedSequence"
2019-12-03 22:31:36 [ThreadId 7] ERROR phoityne - "error: Variable not in scope: newIndex"
2019-12-03 22:31:38 [ThreadId 7] ERROR phoityne - "error: Variable not in scope: updatedSequence"
2019-12-03 22:31:38 [ThreadId 7] ERROR phoityne - "error: Variable not in scope: newIndex"
2019-12-03 22:31:39 [ThreadId 7] ERROR phoityne - "error: Variable not in scope: updatedSequence"
2019-12-03 22:31:39 [ThreadId 7] ERROR phoityne - "error: Variable not in scope: newIndex"
2019-12-03 22:31:48 [ThreadId 7] ERROR phoityne - "error: Variable not in scope: updatedSequence"
2019-12-03 22:31:48 [ThreadId 7] ERROR phoityne - "error: Variable not in scope: newIndex"
2019-12-03 22:31:48 [ThreadId 7] ERROR phoityne - "error: Variable not in scope: updatedSequence"
2019-12-03 22:31:48 [ThreadId 7] ERROR phoityne - "error: Variable not in scope: newIndex"
2019-12-03 22:31:48 [ThreadId 7] ERROR phoityne - "error: Variable not in scope: updatedSequence"
2019-12-03 22:31:48 [ThreadId 7] ERROR phoityne - "error: Variable not in scope: newIndex"
2019-12-03 22:31:50 [ThreadId 7] ERROR phoityne - "error: Variable not in scope: newValue"
2019-12-03 22:31:58 [ThreadId 7] ERROR phoityne - "error: Variable not in scope: updatedSequence"
2019-12-03 22:31:58 [ThreadId 7] ERROR phoityne - "error: Variable not in scope: newIndex"
2019-12-03 22:32:00 [ThreadId 7] ERROR phoityne - "error: Variable not in scope: updatedSequence"
2019-12-03 22:32:00 [ThreadId 7] ERROR phoityne - "error: Variable not in scope: newIndex"
2019-12-03 22:32:01 [ThreadId 7] ERROR phoityne - "error: Variable not in scope: updatedSequence"
2019-12-03 22:32:01 [ThreadId 7] ERROR phoityne - "error: Variable not in scope: newIndex"
2019-12-03 22:32:02 [ThreadId 7] ERROR phoityne - "error: Variable not in scope: updatedSequence"
2019-12-03 22:32:02 [ThreadId 7] ERROR phoityne - "error: Variable not in scope: newIndex"
2019-12-03 22:32:22 [ThreadId 7] ERROR phoityne - "error: Variable not in scope: updatedSequence"
2019-12-03 22:32:22 [ThreadId 7] ERROR phoityne - "error: Variable not in scope: newIndex"
2019-12-03 22:32:27 [ThreadId 7] ERROR phoityne - "error: Variable not in scope: updatedSequence"
2019-12-03 22:32:27 [ThreadId 7] ERROR phoityne - "error: Variable not in scope: newIndex"
2019-12-03 22:32:32 [ThreadId 7] ERROR phoityne - "error: Variable not in scope: updatedSequence"
2019-12-03 22:32:32 [ThreadId 7] ERROR phoityne - "error: Variable not in scope: newIndex"
2019-12-03 22:32:39 [ThreadId 7] ERROR phoityne - "error: Variable not in scope: updatedSequence"
2019-12-03 22:32:39 [ThreadId 7] ERROR phoityne - "error: Variable not in scope: newIndex"
2019-12-03 22:32:58 [ThreadId 7] ERROR phoityne - "error: Variable not in scope: updatedSequence"
2019-12-03 22:32:58 [ThreadId 7] ERROR phoityne - "error: Variable not in scope: newIndex"
2019-12-03 22:33:05 [ThreadId 7] ERROR phoityne - "error: Variable not in scope: updatedSequence"
2019-12-03 22:33:05 [ThreadId 7] ERROR phoityne - "error: Variable not in scope: newIndex"
2019-12-03 22:33:20 [ThreadId 7] ERROR phoityne - "error: Variable not in scope: updatedSequence"
2019-12-03 22:33:20 [ThreadId 7] ERROR phoityne - "error: Variable not in scope: newIndex"
2019-12-03 22:33:21 [ThreadId 7] ERROR phoityne - "error: Variable not in scope: updatedSequence"
2019-12-03 22:33:21 [ThreadId 7] ERROR phoityne - "error: Variable not in scope: newIndex"
2019-12-03 22:33:47 [ThreadId 7] ERROR phoityne - "error: Variable not in scope: placeToPutIt"
2019-12-03 22:34:10 [ThreadId 7] ERROR phoityne - "error: Variable not in scope: currentIndex"
2019-12-03 22:34:11 [ThreadId 7] ERROR phoityne - "error: Variable not in scope: currentIndex"
2019-12-03 22:34:15 [ThreadId 7] ERROR phoityne - "error: Variable not in scope: currentIndex"
2019-12-03 22:34:27 [ThreadId 7] ERROR phoityne - "error: Variable not in scope: updatedSequence"
2019-12-03 22:34:27 [ThreadId 7] ERROR phoityne - "error: Variable not in scope: newIndex"
2019-12-03 22:34:46 [ThreadId 7] ERROR phoityne - "error: Variable not in scope: updatedSequence"
2019-12-03 22:34:46 [ThreadId 7] ERROR phoityne - "error: Variable not in scope: newIndex"
2019-12-03 22:34:50 [ThreadId 7] ERROR phoityne - "error: Variable not in scope: updatedSequence"
2019-12-03 22:34:50 [ThreadId 7] ERROR phoityne - "error: Variable not in scope: newIndex"
2019-12-03 22:34:56 [ThreadId 7] ERROR phoityne - "error: Variable not in scope: updatedSequence"
2019-12-03 22:34:56 [ThreadId 7] ERROR phoityne - "error: Variable not in scope: newIndex"
2019-12-03 22:34:57 [ThreadId 7] ERROR phoityne - "error: Variable not in scope: updatedSequence"
2019-12-03 22:34:57 [ThreadId 7] ERROR phoityne - "error: Variable not in scope: newIndex"
2019-12-03 22:35:22 [ThreadId 7] ERROR phoityne - "error: Variable not in scope: updatedSequence"
2019-12-03 22:35:22 [ThreadId 7] ERROR phoityne - "error: Variable not in scope: newIndex"
